# Logfile created on 2015-04-17 14:46:38 +0200 by logger.rb/1.2.8
I, [2015-04-21T15:21:58.841543 #1725]  INFO -- : Starting running test execution id '14446' on branch 'trunk', suite '[H] BUFFER TESTS', project file 'WMS-AMS.xml' 

E, [2015-04-21T15:21:58.842867 #1725] ERROR -- : Dequeuing test execution FAILED with message: uninitialized constant OperatingSystem::PTY
I, [2015-04-21T15:29:31.251805 #1743]  INFO -- : Starting running test execution id '14449' on branch 'trunk', suite '[F] WEB SERVICE TESTS', project file 'WMS.xml' 

I, [2015-04-21T15:29:31.344592 #1743]  INFO -- : Finished running test execution id '14449' on branch 'trunk', suite '[F] WEB SERVICE TESTS', project file 'WMS.xml' 

I, [2015-04-21T15:30:31.433023 #1743]  INFO -- : Starting running test execution id '14450' on branch 'trunk', suite '[F] BUFFER TESTS', project file 'WMS.xml' 

I, [2015-04-21T15:30:31.508545 #1743]  INFO -- : Finished running test execution id '14450' on branch 'trunk', suite '[F] BUFFER TESTS', project file 'WMS.xml' 

I, [2015-04-21T15:42:33.474302 #2215]  INFO -- : Starting running test execution id '14451' on branch 'branch/4.8.2', suite '[F] BUFFER TESTS', project file 'WMS.xml' 

I, [2015-04-21T15:42:33.544086 #2215]  INFO -- : Finished running test execution id '14451' on branch 'branch/4.8.2', suite '[F] BUFFER TESTS', project file 'WMS.xml' 

I, [2015-04-21T15:43:24.005046 #2271]  INFO -- : Starting running test execution id '14452' on branch 'branch/4.8.2', suite '[F] BUFFER TESTS', project file 'WMS.xml' 

I, [2015-04-21T15:43:24.075174 #2271]  INFO -- : Finished running test execution id '14452' on branch 'branch/4.8.2', suite '[F] BUFFER TESTS', project file 'WMS.xml' 

I, [2015-04-21T15:44:24.170298 #2271]  INFO -- : Starting running test execution id '14453' on branch 'trunk', suite '[F] BUFFER TESTS', project file 'WMS.xml' 

I, [2015-04-21T15:44:24.234982 #2271]  INFO -- : Finished running test execution id '14453' on branch 'trunk', suite '[F] BUFFER TESTS', project file 'WMS.xml' 

I, [2015-04-21T15:45:24.383808 #2271]  INFO -- : Starting running test execution id '14454' on branch 'branch/4.8.2', suite '[F] BUFFER TESTS', project file 'WMS.xml' 

I, [2015-04-21T15:45:24.460677 #2271]  INFO -- : Finished running test execution id '14454' on branch 'branch/4.8.2', suite '[F] BUFFER TESTS', project file 'WMS.xml' 

I, [2015-04-21T15:46:24.552310 #2271]  INFO -- : Starting running test execution id '14455' on branch 'trunk', suite '[H] BUFFER TESTS', project file 'WMS-AMS.xml' 

I, [2015-04-21T15:46:24.648470 #2271]  INFO -- : Finished running test execution id '14455' on branch 'trunk', suite '[H] BUFFER TESTS', project file 'WMS-AMS.xml' 

I, [2015-04-21T15:47:02.125273 #2393]  INFO -- : Starting running test execution id '14456' on branch 'trunk', suite '[H] BUFFER TESTS', project file 'WMS-AMS.xml' 

I, [2015-04-21T15:47:02.196653 #2393]  INFO -- : Finished running test execution id '14456' on branch 'trunk', suite '[H] BUFFER TESTS', project file 'WMS-AMS.xml' 

I, [2015-04-21T15:48:02.304713 #2393]  INFO -- : Starting running test execution id '14457' on branch 'trunk', suite '[F] BUFFER TESTS', project file 'WMS.xml' 

I, [2015-04-21T15:48:02.373245 #2393]  INFO -- : Finished running test execution id '14457' on branch 'trunk', suite '[F] BUFFER TESTS', project file 'WMS.xml' 

I, [2015-04-21T15:49:02.481579 #2393]  INFO -- : Starting running test execution id '14458' on branch 'branch/4.8.2', suite '[F] BUFFER TESTS', project file 'WMS.xml' 

I, [2015-04-21T15:49:02.556745 #2393]  INFO -- : Finished running test execution id '14458' on branch 'branch/4.8.2', suite '[F] BUFFER TESTS', project file 'WMS.xml' 

I, [2015-04-21T15:50:02.666580 #2393]  INFO -- : Starting running test execution id '14459' on branch 'branch/4.8.2', suite '[F] BUFFER TESTS', project file 'WMS.xml' 

I, [2015-04-21T15:50:02.746285 #2393]  INFO -- : Finished running test execution id '14459' on branch 'branch/4.8.2', suite '[F] BUFFER TESTS', project file 'WMS.xml' 

I, [2015-04-21T15:51:02.870244 #2393]  INFO -- : Starting running test execution id '14460' on branch 'trunk', suite '[F] BUFFER TESTS', project file 'WMS.xml' 

I, [2015-04-21T15:51:02.961264 #2393]  INFO -- : Finished running test execution id '14460' on branch 'trunk', suite '[F] BUFFER TESTS', project file 'WMS.xml' 

I, [2015-04-21T15:51:14.119199 #2495]  INFO -- : Starting running test execution id '14461' on branch 'branch/4.8.2', suite '[F] BUFFER TESTS', project file 'WMS.xml' 

I, [2015-04-21T15:51:14.125209 #2495]  INFO -- : Finished running test execution id '14461' on branch 'branch/4.8.2', suite '[F] BUFFER TESTS', project file 'WMS.xml' 

I, [2015-04-21T15:52:14.281191 #2495]  INFO -- : Starting running test execution id '14462' on branch 'trunk', suite '[H] BUFFER TESTS', project file 'WMS-AMS.xml' 

I, [2015-04-21T15:52:14.287107 #2495]  INFO -- : Finished running test execution id '14462' on branch 'trunk', suite '[H] BUFFER TESTS', project file 'WMS-AMS.xml' 

I, [2015-04-21T15:57:53.511948 #2540]  INFO -- : Starting running test execution id '14463' on branch 'trunk', suite '[H] BUFFER TESTS', project file 'WMS-AMS.xml' 

I, [2015-04-21T15:57:53.520051 #2540]  INFO -- : Finished running test execution id '14463' on branch 'trunk', suite '[H] BUFFER TESTS', project file 'WMS-AMS.xml' 

I, [2015-04-21T15:58:53.711579 #2540]  INFO -- : Starting running test execution id '14464' on branch 'trunk', suite '[F] BUFFER TESTS', project file 'WMS.xml' 

I, [2015-04-21T15:58:53.717445 #2540]  INFO -- : Finished running test execution id '14464' on branch 'trunk', suite '[F] BUFFER TESTS', project file 'WMS.xml' 

I, [2015-04-21T15:59:54.006192 #2540]  INFO -- : Starting running test execution id '14465' on branch 'branch/4.8.2', suite '[F] BUFFER TESTS', project file 'WMS.xml' 

I, [2015-04-21T15:59:54.012442 #2540]  INFO -- : Finished running test execution id '14465' on branch 'branch/4.8.2', suite '[F] BUFFER TESTS', project file 'WMS.xml' 

I, [2015-04-21T16:00:54.135083 #2540]  INFO -- : Starting running test execution id '14466' on branch 'branch/4.8.2', suite '[F] BUFFER TESTS', project file 'WMS.xml' 

I, [2015-04-21T16:00:54.141723 #2540]  INFO -- : Finished running test execution id '14466' on branch 'branch/4.8.2', suite '[F] BUFFER TESTS', project file 'WMS.xml' 

I, [2015-04-21T16:01:54.250193 #2540]  INFO -- : Starting running test execution id '14467' on branch 'trunk', suite '[F] BUFFER TESTS', project file 'WMS.xml' 

I, [2015-04-21T16:01:54.256377 #2540]  INFO -- : Finished running test execution id '14467' on branch 'trunk', suite '[F] BUFFER TESTS', project file 'WMS.xml' 

I, [2015-04-21T16:02:54.473028 #2540]  INFO -- : Starting running test execution id '14468' on branch 'branch/4.8.2', suite '[F] BUFFER TESTS', project file 'WMS.xml' 

I, [2015-04-21T16:02:54.478175 #2540]  INFO -- : Finished running test execution id '14468' on branch 'branch/4.8.2', suite '[F] BUFFER TESTS', project file 'WMS.xml' 

I, [2015-04-21T16:03:54.669815 #2540]  INFO -- : Starting running test execution id '14469' on branch 'trunk', suite '[H] BUFFER TESTS', project file 'WMS-AMS.xml' 

I, [2015-04-21T16:03:54.675122 #2540]  INFO -- : Finished running test execution id '14469' on branch 'trunk', suite '[H] BUFFER TESTS', project file 'WMS-AMS.xml' 

I, [2015-04-21T16:04:54.826715 #2540]  INFO -- : Starting running test execution id '14470' on branch 'trunk', suite '[H] BUFFER TESTS', project file 'WMS-AMS.xml' 

I, [2015-04-21T16:04:54.832679 #2540]  INFO -- : Finished running test execution id '14470' on branch 'trunk', suite '[H] BUFFER TESTS', project file 'WMS-AMS.xml' 

I, [2015-04-21T16:05:55.048456 #2540]  INFO -- : Starting running test execution id '14471' on branch 'trunk', suite '[F] BUFFER TESTS', project file 'WMS.xml' 

I, [2015-04-21T16:05:55.054938 #2540]  INFO -- : Finished running test execution id '14471' on branch 'trunk', suite '[F] BUFFER TESTS', project file 'WMS.xml' 

I, [2015-04-21T16:06:55.259485 #2540]  INFO -- : Starting running test execution id '14472' on branch 'branch/4.8.2', suite '[F] BUFFER TESTS', project file 'WMS.xml' 

I, [2015-04-21T16:06:55.265421 #2540]  INFO -- : Finished running test execution id '14472' on branch 'branch/4.8.2', suite '[F] BUFFER TESTS', project file 'WMS.xml' 

I, [2015-04-21T16:07:55.397650 #2540]  INFO -- : Starting running test execution id '14473' on branch 'branch/4.8.2', suite '[F] BUFFER TESTS', project file 'WMS.xml' 

I, [2015-04-21T16:07:55.403562 #2540]  INFO -- : Finished running test execution id '14473' on branch 'branch/4.8.2', suite '[F] BUFFER TESTS', project file 'WMS.xml' 

I, [2015-04-21T16:08:55.584864 #2540]  INFO -- : Starting running test execution id '14474' on branch 'trunk', suite '[F] BUFFER TESTS', project file 'WMS.xml' 

I, [2015-04-21T16:08:55.590511 #2540]  INFO -- : Finished running test execution id '14474' on branch 'trunk', suite '[F] BUFFER TESTS', project file 'WMS.xml' 

I, [2015-04-21T16:09:55.884649 #2540]  INFO -- : Starting running test execution id '14475' on branch 'branch/4.8.2', suite '[F] BUFFER TESTS', project file 'WMS.xml' 

I, [2015-04-21T16:09:55.890097 #2540]  INFO -- : Finished running test execution id '14475' on branch 'branch/4.8.2', suite '[F] BUFFER TESTS', project file 'WMS.xml' 

I, [2015-04-21T16:10:56.010196 #2540]  INFO -- : Starting running test execution id '14476' on branch 'trunk', suite '[H] BUFFER TESTS', project file 'WMS-AMS.xml' 

I, [2015-04-21T16:10:56.015686 #2540]  INFO -- : Finished running test execution id '14476' on branch 'trunk', suite '[H] BUFFER TESTS', project file 'WMS-AMS.xml' 

I, [2015-04-21T16:11:56.178509 #2540]  INFO -- : Starting running test execution id '14477' on branch 'trunk', suite '[H] BUFFER TESTS', project file 'WMS-AMS.xml' 

I, [2015-04-21T16:11:56.184177 #2540]  INFO -- : Finished running test execution id '14477' on branch 'trunk', suite '[H] BUFFER TESTS', project file 'WMS-AMS.xml' 

I, [2015-04-21T16:12:56.329440 #2540]  INFO -- : Starting running test execution id '14478' on branch 'trunk', suite '[F] BUFFER TESTS', project file 'WMS.xml' 

I, [2015-04-21T16:12:56.335213 #2540]  INFO -- : Finished running test execution id '14478' on branch 'trunk', suite '[F] BUFFER TESTS', project file 'WMS.xml' 

I, [2015-04-21T16:13:56.620584 #2540]  INFO -- : Starting running test execution id '14479' on branch 'branch/4.8.2', suite '[F] BUFFER TESTS', project file 'WMS.xml' 

I, [2015-04-21T16:13:56.626148 #2540]  INFO -- : Finished running test execution id '14479' on branch 'branch/4.8.2', suite '[F] BUFFER TESTS', project file 'WMS.xml' 

I, [2015-04-21T16:14:56.766159 #2540]  INFO -- : Starting running test execution id '14480' on branch 'branch/4.8.2', suite '[F] BUFFER TESTS', project file 'WMS.xml' 

I, [2015-04-21T16:14:56.772124 #2540]  INFO -- : Finished running test execution id '14480' on branch 'branch/4.8.2', suite '[F] BUFFER TESTS', project file 'WMS.xml' 

I, [2015-04-21T16:15:56.935424 #2540]  INFO -- : Starting running test execution id '14481' on branch 'trunk', suite '[F] BUFFER TESTS', project file 'WMS.xml' 

I, [2015-04-21T16:15:56.941850 #2540]  INFO -- : Finished running test execution id '14481' on branch 'trunk', suite '[F] BUFFER TESTS', project file 'WMS.xml' 

I, [2015-04-21T16:16:57.177587 #2540]  INFO -- : Starting running test execution id '14482' on branch 'branch/4.8.2', suite '[F] BUFFER TESTS', project file 'WMS.xml' 

I, [2015-04-21T16:16:57.182736 #2540]  INFO -- : Finished running test execution id '14482' on branch 'branch/4.8.2', suite '[F] BUFFER TESTS', project file 'WMS.xml' 

I, [2015-04-21T16:17:57.337834 #2540]  INFO -- : Starting running test execution id '14483' on branch 'trunk', suite '[H] BUFFER TESTS', project file 'WMS-AMS.xml' 

I, [2015-04-21T16:17:57.343573 #2540]  INFO -- : Finished running test execution id '14483' on branch 'trunk', suite '[H] BUFFER TESTS', project file 'WMS-AMS.xml' 

I, [2015-04-21T16:18:57.566324 #2540]  INFO -- : Starting running test execution id '14484' on branch 'trunk', suite '[H] BUFFER TESTS', project file 'WMS-AMS.xml' 

I, [2015-04-21T16:18:57.572096 #2540]  INFO -- : Finished running test execution id '14484' on branch 'trunk', suite '[H] BUFFER TESTS', project file 'WMS-AMS.xml' 

I, [2015-04-21T17:04:51.178569 #3313]  INFO -- : Starting running test execution id '75' on branch 'branch/4.8.2', suite '[F] PERFORMANCE TESTS', project file 'WMS.xml' 

I, [2015-04-21T17:05:33.462858 #3332]  INFO -- : Starting running test execution id '75' on branch 'branch/4.8.2', suite '[F] PERFORMANCE TESTS', project file 'WMS.xml' 

I, [2015-04-21T17:05:33.936032 #3332]  INFO -- : Finished running test execution id '75' on branch 'branch/4.8.2', suite '[F] PERFORMANCE TESTS', project file 'WMS.xml' 

I, [2015-04-21T17:05:34.139295 #3332]  INFO -- : Email has been successfully sent to tomas.dinkov@tieto.com.
I, [2015-04-21T17:06:32.265482 #3377]  INFO -- : Starting running test execution id '75' on branch 'branch/4.8.2', suite '[F] PERFORMANCE TESTS', project file 'WMS.xml' 

I, [2015-04-21T17:06:32.813640 #3377]  INFO -- : Finished running test execution id '75' on branch 'branch/4.8.2', suite '[F] PERFORMANCE TESTS', project file 'WMS.xml' 

I, [2015-04-21T17:06:32.958073 #3377]  INFO -- : Email has been successfully sent to tomas.dinkov@tieto.com.
I, [2015-04-21T17:09:07.481499 #3413]  INFO -- : Starting running test execution id '75' on branch 'branch/4.8.2', suite '[F] PERFORMANCE TESTS', project file 'WMS.xml' 

I, [2015-04-21T17:09:07.993472 #3413]  INFO -- : Finished running test execution id '75' on branch 'branch/4.8.2', suite '[F] PERFORMANCE TESTS', project file 'WMS.xml' 

I, [2015-04-21T17:09:08.170388 #3413]  INFO -- : Email has been successfully sent to tomas.dinkov@tieto.com.
I, [2015-04-21T17:12:54.134308 #3492]  INFO -- : Starting running test execution id '14485' on branch 'trunk', suite '[F] WEB SERVICE TESTS', project file 'WMS.xml' 

I, [2015-04-21T17:12:56.354391 #3492]  INFO -- : Finished running test execution id '14485' on branch 'trunk', suite '[F] WEB SERVICE TESTS', project file 'WMS.xml' 

I, [2015-04-21T17:15:31.410153 #3541]  INFO -- : Starting running test execution id '14486' on branch 'trunk', suite '[F] WEB SERVICE TESTS', project file 'WMS.xml' 

I, [2015-04-21T17:15:33.309967 #3541]  INFO -- : Finished running test execution id '14486' on branch 'trunk', suite '[F] WEB SERVICE TESTS', project file 'WMS.xml' 

I, [2015-04-21T17:16:42.354029 #3578]  INFO -- : Starting running test execution id '14487' on branch 'trunk', suite '[F] WEB SERVICE TESTS', project file 'WMS.xml' 

I, [2015-04-21T17:16:44.193174 #3578]  INFO -- : Finished running test execution id '14487' on branch 'trunk', suite '[F] WEB SERVICE TESTS', project file 'WMS.xml' 

E, [2015-04-21T20:21:42.308186 #2213] ERROR -- : Saving test execution  failed with message: #<DataMapper::Validations::ValidationErrors:0x007fc7a14dabc8 @resource=#<TestExecution @id=nil @revision=nil @report=nil @comment=nil @jira_issue=nil @result=nil @for="SCHEDULER" @status="Pending" @enqueued_at=#<DateTime: 2015-04-21T20:21:42+02:00 ((2457134j,66102s,307060000n),+7200s,2299161j)> @started_at=nil @finished_at=nil @hidden=false @agent=nil @pid=nil @exit_code=nil @stderr=nil @output_zip_base64=nil @environment_name=nil @test_suite_name="[P] PERFORMANCE TESTS 1" @delivery_site_type_id=nil>, @errors={:environment_name=>["Environment name must not be blank"]}>
E, [2015-04-21T20:21:42.310978 #2213] ERROR -- : Saving test execution  failed with message: #<DataMapper::Validations::ValidationErrors:0x007fc7a16af278 @resource=#<TestExecution @id=nil @revision=nil @report=nil @comment=nil @jira_issue=nil @result=nil @for="SCHEDULER" @status="Pending" @enqueued_at=#<DateTime: 2015-04-21T20:21:42+02:00 ((2457134j,66102s,310343000n),+7200s,2299161j)> @started_at=nil @finished_at=nil @hidden=false @agent=nil @pid=nil @exit_code=nil @stderr=nil @output_zip_base64=nil @environment_name=nil @test_suite_name="[P] PERFORMANCE TESTS 3" @delivery_site_type_id=nil>, @errors={:environment_name=>["Environment name must not be blank"]}>
E, [2015-04-21T21:34:25.471332 #2213] ERROR -- : Saving test execution  failed with message: #<DataMapper::Validations::ValidationErrors:0x007fc7a721b288 @resource=#<TestExecution @id=nil @revision=nil @report=nil @comment=nil @jira_issue=nil @result=nil @for="SCHEDULER" @status="Pending" @enqueued_at=#<DateTime: 2015-04-21T21:34:25+02:00 ((2457134j,70465s,439448000n),+7200s,2299161j)> @started_at=nil @finished_at=nil @hidden=false @agent=nil @pid=nil @exit_code=nil @stderr=nil @output_zip_base64=nil @environment_name=nil @test_suite_name="[P] PERFORMANCE TESTS 1" @delivery_site_type_id=nil>, @errors={:environment_name=>["Environment name must not be blank"]}>
E, [2015-04-21T21:34:25.490708 #2213] ERROR -- : Saving test execution  failed with message: #<DataMapper::Validations::ValidationErrors:0x007fc7a7227c68 @resource=#<TestExecution @id=nil @revision=nil @report=nil @comment=nil @jira_issue=nil @result=nil @for="SCHEDULER" @status="Pending" @enqueued_at=#<DateTime: 2015-04-21T21:34:25+02:00 ((2457134j,70465s,489798000n),+7200s,2299161j)> @started_at=nil @finished_at=nil @hidden=false @agent=nil @pid=nil @exit_code=nil @stderr=nil @output_zip_base64=nil @environment_name=nil @test_suite_name="[P] PERFORMANCE TESTS 3" @delivery_site_type_id=nil>, @errors={:environment_name=>["Environment name must not be blank"]}>
E, [2015-04-21T21:40:00.199590 #2213] ERROR -- : Saving test execution  failed with message: #<DataMapper::Validations::ValidationErrors:0x007fc7a704c880 @resource=#<TestExecution @id=nil @revision=nil @report=nil @comment=nil @jira_issue=nil @result=nil @for="SCHEDULER" @status="Pending" @enqueued_at=#<DateTime: 2015-04-21T21:40:00+02:00 ((2457134j,70800s,198412000n),+7200s,2299161j)> @started_at=nil @finished_at=nil @hidden=false @agent=nil @pid=nil @exit_code=nil @stderr=nil @output_zip_base64=nil @environment_name=nil @test_suite_name="[P] PERFORMANCE TESTS 1" @delivery_site_type_id=nil>, @errors={:environment_name=>["Environment name must not be blank"]}>
E, [2015-04-21T21:40:00.200753 #2213] ERROR -- : Saving test execution  failed with message: #<DataMapper::Validations::ValidationErrors:0x007fc7a7059c10 @resource=#<TestExecution @id=nil @revision=nil @report=nil @comment=nil @jira_issue=nil @result=nil @for="SCHEDULER" @status="Pending" @enqueued_at=#<DateTime: 2015-04-21T21:40:00+02:00 ((2457134j,70800s,199783000n),+7200s,2299161j)> @started_at=nil @finished_at=nil @hidden=false @agent=nil @pid=nil @exit_code=nil @stderr=nil @output_zip_base64=nil @environment_name=nil @test_suite_name="[P] PERFORMANCE TESTS 3" @delivery_site_type_id=nil>, @errors={:environment_name=>["Environment name must not be blank"]}>
E, [2015-04-21T21:50:00.269871 #2213] ERROR -- : Saving test execution  failed with message: #<DataMapper::Validations::ValidationErrors:0x007fc7a7b60190 @resource=#<TestExecution @id=nil @revision=nil @report=nil @comment=nil @jira_issue=nil @result=nil @for="SCHEDULER" @status="Pending" @enqueued_at=#<DateTime: 2015-04-21T21:50:00+02:00 ((2457134j,71400s,269114000n),+7200s,2299161j)> @started_at=nil @finished_at=nil @hidden=false @agent=nil @pid=nil @exit_code=nil @stderr=nil @output_zip_base64=nil @environment_name=nil @test_suite_name="[P] PERFORMANCE TESTS 1" @delivery_site_type_id=nil>, @errors={:environment_name=>["Environment name must not be blank"]}>
E, [2015-04-21T21:50:00.270526 #2213] ERROR -- : Saving test execution  failed with message: #<DataMapper::Validations::ValidationErrors:0x007fc7a7322b18 @resource=#<TestExecution @id=nil @revision=nil @report=nil @comment=nil @jira_issue=nil @result=nil @for="SCHEDULER" @status="Pending" @enqueued_at=#<DateTime: 2015-04-21T21:50:00+02:00 ((2457134j,71400s,269996000n),+7200s,2299161j)> @started_at=nil @finished_at=nil @hidden=false @agent=nil @pid=nil @exit_code=nil @stderr=nil @output_zip_base64=nil @environment_name=nil @test_suite_name="[P] PERFORMANCE TESTS 3" @delivery_site_type_id=nil>, @errors={:environment_name=>["Environment name must not be blank"]}>
I, [2015-04-21T21:56:35.744950 #3772]  INFO -- : Starting running test execution id '14488' on branch 'branch/4.8.2DEV', suite '[F] WEB SERVICE TESTS', project file 'WMS.xml' 

I, [2015-04-21T21:56:38.323577 #3772]  INFO -- : Finished running test execution id '14488' on branch 'branch/4.8.2DEV', suite '[F] WEB SERVICE TESTS', project file 'WMS.xml' 

I, [2015-04-21T21:57:36.395596 #3796]  INFO -- : Starting running test execution id '14489' on branch 'trunk', suite '[F] SMOKE TESTS', project file 'WMS.xml' 

I, [2015-04-21T22:11:36.311785 #3796]  INFO -- : Finished running test execution id '14489' on branch 'trunk', suite '[F] SMOKE TESTS', project file 'WMS.xml' 

I, [2015-04-21T22:27:29.335307 #3864]  INFO -- : Starting running test execution id '14490' on branch 'trunk', suite '[F] WEB SERVICE TESTS', project file 'WMS_temp.xml' 

I, [2015-04-21T22:35:52.046088 #3864]  INFO -- : Finished running test execution id '14490' on branch 'trunk', suite '[F] WEB SERVICE TESTS', project file 'WMS_temp.xml' 

I, [2015-04-21T22:38:30.847375 #3864]  INFO -- : Starting running test execution id '14491' on branch 'trunk', suite '[F] MAINTENANCE TESTS', project file 'WMS_temp.xml' 

I, [2015-04-21T22:38:30.856037 #3864]  INFO -- : Finished running test execution id '14491' on branch 'trunk', suite '[F] MAINTENANCE TESTS', project file 'WMS_temp.xml' 

I, [2015-04-22T06:58:12.955631 #4304]  INFO -- : Starting running test execution id '75' on branch 'branch/4.8.2', suite '[F] PERFORMANCE TESTS', project file 'WMS.xml' 

I, [2015-04-22T06:58:13.284855 #4304]  INFO -- : Finished running test execution id '75' on branch 'branch/4.8.2', suite '[F] PERFORMANCE TESTS', project file 'WMS.xml' 

I, [2015-04-22T06:58:13.517602 #4304]  INFO -- : Email has been successfully sent to tomas.dinkov@tieto.com.
I, [2015-04-22T15:27:16.356627 #5394]  INFO -- : Starting running test execution id '75' on branch 'branch/4.8.2', suite '[F] PERFORMANCE TESTS', project file 'WMS.xml' 

I, [2015-04-22T15:30:52.499422 #5417]  INFO -- : Starting running test execution id '75' on branch 'branch/4.8.2', suite '[F] PERFORMANCE TESTS', project file 'WMS.xml' 

I, [2015-04-22T15:32:19.894613 #5439]  INFO -- : Starting running test execution id '75' on branch 'branch/4.8.2', suite '[F] PERFORMANCE TESTS', project file 'WMS.xml' 

I, [2015-04-22T15:32:28.259779 #5439]  INFO -- : Finished running test execution id '75' on branch 'branch/4.8.2', suite '[F] PERFORMANCE TESTS', project file 'WMS.xml' 

I, [2015-04-22T15:32:28.454530 #5439]  INFO -- : Email has been successfully sent to tomas.dinkov@tieto.com.
I, [2015-04-22T15:33:41.549334 #5477]  INFO -- : Starting running test execution id '14492' on branch 'trunk', suite '[F] SMOKE TESTS', project file 'WMS_temp.xml' 

I, [2015-04-22T15:33:43.972573 #5477]  INFO -- : Finished running test execution id '14492' on branch 'trunk', suite '[F] SMOKE TESTS', project file 'WMS_temp.xml' 

I, [2015-04-22T15:50:25.241908 #5563]  INFO -- : Starting running test execution id '14505' on branch 'branch/4.8.2DEV', suite '[F] BUFFER TESTS', project file 'WMS_temp.xml' 

I, [2015-04-22T15:50:27.349682 #5563]  INFO -- : Finished running test execution id '14505' on branch 'branch/4.8.2DEV', suite '[F] BUFFER TESTS', project file 'WMS_temp.xml' 

I, [2015-04-22T15:54:32.004597 #5851]  INFO -- : Starting running test execution id '14524' on branch 'branch/4.8.2DEV', suite '[F] BUFFER TESTS', project file 'WMS.xml' 

I, [2015-04-22T15:54:33.874363 #5851]  INFO -- : Finished running test execution id '14524' on branch 'branch/4.8.2DEV', suite '[F] BUFFER TESTS', project file 'WMS.xml' 

I, [2015-04-22T15:55:32.161206 #5851]  INFO -- : Starting running test execution id '14525' on branch 'branch/4.8.0', suite '[F] BUFFER TESTS', project file 'WMS.xml' 

I, [2015-04-22T15:55:33.725983 #5851]  INFO -- : Finished running test execution id '14525' on branch 'branch/4.8.0', suite '[F] BUFFER TESTS', project file 'WMS.xml' 

I, [2015-04-22T15:56:32.319562 #5851]  INFO -- : Starting running test execution id '14526' on branch 'branch/4.8.2DEV', suite '[F] BUFFER TESTS', project file 'WMS.xml' 

I, [2015-04-22T15:57:32.475443 #5851]  INFO -- : Starting running test execution id '14527' on branch 'branch/4.8.0', suite '[F] BUFFER TESTS', project file 'WMS.xml' 

I, [2015-04-22T15:58:32.659310 #5851]  INFO -- : Starting running test execution id '14528' on branch 'branch/4.8.2DEV', suite '[F] BUFFER TESTS', project file 'WMS.xml' 

I, [2015-04-22T15:58:40.743070 #5851]  INFO -- : Finished running test execution id '14526' on branch 'branch/4.8.2DEV', suite '[F] BUFFER TESTS', project file 'WMS.xml' 

I, [2015-04-22T15:59:32.828559 #5851]  INFO -- : Starting running test execution id '14529' on branch 'trunk', suite '[F] BUFFER TESTS', project file 'WMS.xml' 

I, [2015-04-22T15:59:40.824851 #5851]  INFO -- : Finished running test execution id '14527' on branch 'branch/4.8.0', suite '[F] BUFFER TESTS', project file 'WMS.xml' 

I, [2015-04-22T16:00:32.937775 #5851]  INFO -- : Starting running test execution id '14530' on branch 'branch/4.8.2', suite '[F] BUFFER TESTS', project file 'WMS.xml' 

I, [2015-04-22T16:00:34.443982 #5851]  INFO -- : Finished running test execution id '14530' on branch 'branch/4.8.2', suite '[F] BUFFER TESTS', project file 'WMS.xml' 

I, [2015-04-22T16:00:40.529115 #5851]  INFO -- : Finished running test execution id '14528' on branch 'branch/4.8.2DEV', suite '[F] BUFFER TESTS', project file 'WMS.xml' 

I, [2015-04-22T16:01:33.088747 #5851]  INFO -- : Starting running test execution id '14531' on branch 'branch/4.8.0', suite '[F] BUFFER TESTS', project file 'WMS.xml' 

I, [2015-04-22T16:01:40.465207 #5851]  INFO -- : Finished running test execution id '14529' on branch 'trunk', suite '[F] BUFFER TESTS', project file 'WMS.xml' 

I, [2015-04-22T16:02:33.247283 #5851]  INFO -- : Starting running test execution id '14532' on branch 'branch/4.8.2DEV', suite '[F] BUFFER TESTS', project file 'WMS.xml' 

I, [2015-04-22T16:03:33.402948 #5851]  INFO -- : Starting running test execution id '14533' on branch 'branch/4.8.0', suite '[F] BUFFER TESTS', project file 'WMS.xml' 

I, [2015-04-22T16:03:41.433136 #5851]  INFO -- : Finished running test execution id '14531' on branch 'branch/4.8.0', suite '[F] BUFFER TESTS', project file 'WMS.xml' 

I, [2015-04-22T16:04:33.566137 #5851]  INFO -- : Starting running test execution id '14534' on branch 'branch/4.8.2DEV', suite '[F] BUFFER TESTS', project file 'WMS.xml' 

I, [2015-04-22T16:04:41.197460 #5851]  INFO -- : Finished running test execution id '14532' on branch 'branch/4.8.2DEV', suite '[F] BUFFER TESTS', project file 'WMS.xml' 

I, [2015-04-22T16:05:33.716736 #5851]  INFO -- : Starting running test execution id '14535' on branch 'branch/4.8.2', suite '[F] BUFFER TESTS', project file 'WMS.xml' 

I, [2015-04-22T16:05:41.526208 #5851]  INFO -- : Finished running test execution id '14533' on branch 'branch/4.8.0', suite '[F] BUFFER TESTS', project file 'WMS.xml' 

I, [2015-04-22T16:06:33.853777 #5851]  INFO -- : Starting running test execution id '14536' on branch 'branch/4.8.0', suite '[F] BUFFER TESTS', project file 'WMS.xml' 

I, [2015-04-22T16:06:41.672325 #5851]  INFO -- : Finished running test execution id '14534' on branch 'branch/4.8.2DEV', suite '[F] BUFFER TESTS', project file 'WMS.xml' 

I, [2015-04-22T16:07:33.979442 #5851]  INFO -- : Starting running test execution id '14537' on branch 'branch/4.8.2DEV', suite '[F] BUFFER TESTS', project file 'WMS.xml' 

I, [2015-04-22T16:07:42.079186 #5851]  INFO -- : Finished running test execution id '14535' on branch 'branch/4.8.2', suite '[F] BUFFER TESTS', project file 'WMS.xml' 

I, [2015-04-22T16:08:34.091926 #5851]  INFO -- : Starting running test execution id '14538' on branch 'trunk', suite '[F] BUFFER TESTS', project file 'WMS.xml' 

I, [2015-04-22T16:08:41.990782 #5851]  INFO -- : Finished running test execution id '14536' on branch 'branch/4.8.0', suite '[F] BUFFER TESTS', project file 'WMS.xml' 

I, [2015-04-22T16:09:34.264587 #5851]  INFO -- : Starting running test execution id '14539' on branch 'branch/4.8.2', suite '[F] BUFFER TESTS', project file 'WMS.xml' 

I, [2015-04-22T16:09:42.410732 #5851]  INFO -- : Finished running test execution id '14537' on branch 'branch/4.8.2DEV', suite '[F] BUFFER TESTS', project file 'WMS.xml' 

I, [2015-04-22T16:10:34.482725 #5851]  INFO -- : Starting running test execution id '14540' on branch 'branch/4.8.0', suite '[F] BUFFER TESTS', project file 'WMS.xml' 

I, [2015-04-22T16:10:42.337167 #5851]  INFO -- : Finished running test execution id '14538' on branch 'trunk', suite '[F] BUFFER TESTS', project file 'WMS.xml' 

I, [2015-04-22T16:11:34.630898 #5851]  INFO -- : Starting running test execution id '14541' on branch 'trunk', suite '[H] BUFFER TESTS', project file 'WMS-AMS.xml' 

I, [2015-04-22T16:11:36.496297 #5851]  INFO -- : Finished running test execution id '14541' on branch 'trunk', suite '[H] BUFFER TESTS', project file 'WMS-AMS.xml' 

I, [2015-04-22T16:11:42.342730 #5851]  INFO -- : Finished running test execution id '14539' on branch 'branch/4.8.2', suite '[F] BUFFER TESTS', project file 'WMS.xml' 

I, [2015-04-22T16:12:34.835579 #5851]  INFO -- : Starting running test execution id '14542' on branch 'trunk', suite '[H] BUFFER TESTS', project file 'WMS-AMS.xml' 

I, [2015-04-22T16:12:36.655587 #5851]  INFO -- : Finished running test execution id '14542' on branch 'trunk', suite '[H] BUFFER TESTS', project file 'WMS-AMS.xml' 

I, [2015-04-22T16:12:42.827092 #5851]  INFO -- : Finished running test execution id '14540' on branch 'branch/4.8.0', suite '[F] BUFFER TESTS', project file 'WMS.xml' 

I, [2015-04-22T16:13:35.001973 #5851]  INFO -- : Starting running test execution id '14543' on branch 'branch/4.8.2DEV', suite '[F] BUFFER TESTS', project file 'WMS.xml' 

I, [2015-04-22T16:14:35.115580 #5851]  INFO -- : Starting running test execution id '14544' on branch 'branch/4.8.0', suite '[F] BUFFER TESTS', project file 'WMS.xml' 

I, [2015-04-22T16:15:35.305811 #5851]  INFO -- : Starting running test execution id '14545' on branch 'branch/4.8.2DEV', suite '[F] BUFFER TESTS', project file 'WMS.xml' 

I, [2015-04-22T16:15:43.300337 #5851]  INFO -- : Finished running test execution id '14543' on branch 'branch/4.8.2DEV', suite '[F] BUFFER TESTS', project file 'WMS.xml' 

I, [2015-04-22T16:16:35.428252 #5851]  INFO -- : Starting running test execution id '14546' on branch 'branch/4.8.0', suite '[F] BUFFER TESTS', project file 'WMS.xml' 

I, [2015-04-22T16:16:43.094158 #5851]  INFO -- : Finished running test execution id '14544' on branch 'branch/4.8.0', suite '[F] BUFFER TESTS', project file 'WMS.xml' 

I, [2015-04-22T16:17:35.562603 #5851]  INFO -- : Starting running test execution id '14547' on branch 'branch/4.8.2DEV', suite '[F] BUFFER TESTS', project file 'WMS.xml' 

I, [2015-04-22T16:17:43.761589 #5851]  INFO -- : Finished running test execution id '14545' on branch 'branch/4.8.2DEV', suite '[F] BUFFER TESTS', project file 'WMS.xml' 

I, [2015-04-22T16:18:35.718006 #5851]  INFO -- : Starting running test execution id '14548' on branch 'branch/4.8.2', suite '[F] BUFFER TESTS', project file 'WMS.xml' 

I, [2015-04-22T16:18:43.516211 #5851]  INFO -- : Finished running test execution id '14546' on branch 'branch/4.8.0', suite '[F] BUFFER TESTS', project file 'WMS.xml' 

I, [2015-04-22T16:19:35.855785 #5851]  INFO -- : Starting running test execution id '14549' on branch 'trunk', suite '[F] BUFFER TESTS', project file 'WMS.xml' 

I, [2015-04-22T16:19:43.700179 #5851]  INFO -- : Finished running test execution id '14547' on branch 'branch/4.8.2DEV', suite '[F] BUFFER TESTS', project file 'WMS.xml' 

I, [2015-04-22T16:20:35.980921 #5851]  INFO -- : Starting running test execution id '14550' on branch 'branch/4.8.0', suite '[F] BUFFER TESTS', project file 'WMS.xml' 

I, [2015-04-22T16:20:43.971926 #5851]  INFO -- : Finished running test execution id '14548' on branch 'branch/4.8.2', suite '[F] BUFFER TESTS', project file 'WMS.xml' 

I, [2015-04-22T16:21:36.133525 #5851]  INFO -- : Starting running test execution id '14551' on branch 'branch/4.8.2DEV', suite '[F] BUFFER TESTS', project file 'WMS.xml' 

I, [2015-04-22T16:21:44.220891 #5851]  INFO -- : Finished running test execution id '14549' on branch 'trunk', suite '[F] BUFFER TESTS', project file 'WMS.xml' 

I, [2015-04-22T16:22:36.263420 #5851]  INFO -- : Starting running test execution id '14552' on branch 'branch/4.8.0', suite '[F] BUFFER TESTS', project file 'WMS.xml' 

I, [2015-04-22T16:22:44.044566 #5851]  INFO -- : Finished running test execution id '14550' on branch 'branch/4.8.0', suite '[F] BUFFER TESTS', project file 'WMS.xml' 

I, [2015-04-22T16:23:36.396294 #5851]  INFO -- : Starting running test execution id '14553' on branch 'branch/4.8.2DEV', suite '[F] BUFFER TESTS', project file 'WMS.xml' 

I, [2015-04-22T16:23:43.907502 #5851]  INFO -- : Finished running test execution id '14551' on branch 'branch/4.8.2DEV', suite '[F] BUFFER TESTS', project file 'WMS.xml' 

I, [2015-04-22T16:24:36.526746 #5851]  INFO -- : Starting running test execution id '14554' on branch 'branch/4.8.2', suite '[F] BUFFER TESTS', project file 'WMS.xml' 

I, [2015-04-22T16:24:43.868746 #5851]  INFO -- : Finished running test execution id '14552' on branch 'branch/4.8.0', suite '[F] BUFFER TESTS', project file 'WMS.xml' 

I, [2015-05-03T14:30:24.756668 #3871]  INFO -- : Starting running test execution id '14555' on branch 'branch/4.8.0', suite '[F] BUFFER TESTS', project file 'WMS.xml' 

I, [2015-05-03T14:31:24.630325 #3871]  INFO -- : Starting running test execution id '14556' on branch 'branch/4.8.2DEV', suite '[F] BUFFER TESTS', project file 'WMS.xml' 

I, [2015-05-03T14:41:26.405000 #11072]  INFO -- : Starting running test execution id '14557' on branch 'trunk', suite '[F] BUFFER TESTS', project file 'WMS.xml' 

E, [2015-05-03T14:41:26.408000 #11072] ERROR -- : Dequeuing test execution FAILED with message: uninitialized constant OperatingSystem::PTY
I, [2015-05-03T14:47:00.895000 #11802]  INFO -- : Starting running test execution id '14592' on branch 'trunk', suite '[H] BUFFER TESTS', project file 'WMS-AMS.xml' 

I, [2015-05-03T14:47:02.930000 #11802]  INFO -- : Finished running test execution id '14592' on branch 'trunk', suite '[H] BUFFER TESTS', project file 'WMS-AMS.xml' 

I, [2015-05-03T14:48:01.068000 #11802]  INFO -- : Starting running test execution id '14573' on branch 'branch/4.8.2DEV', suite '[F] BUFFER TESTS', project file 'WMS.xml' 

I, [2015-05-03T14:49:01.299000 #11802]  INFO -- : Starting running test execution id '14574' on branch 'branch/4.8.0', suite '[F] BUFFER TESTS', project file 'WMS.xml' 

I, [2015-05-03T14:49:02.049000 #11802]  INFO -- : Finished running test execution id '14574' on branch 'branch/4.8.0', suite '[F] BUFFER TESTS', project file 'WMS.xml' 

E, [2015-05-03T14:49:02.087000 #11802] ERROR -- : Dequeuing test execution FAILED with message: undefined method `[]' for nil:NilClass
I, [2015-05-03T14:50:08.951000 #11802]  INFO -- : Finished running test execution id '14573' on branch 'branch/4.8.2DEV', suite '[F] BUFFER TESTS', project file 'WMS.xml' 

I, [2015-05-03T15:00:55.349959 #12911]  INFO -- : Starting running test execution id '75' on branch 'branch/4.8.2', suite '[F] PERFORMANCE TESTS', project file 'WMS.xml' 

I, [2015-05-03T15:00:55.668088 #12911]  INFO -- : Finished running test execution id '75' on branch 'branch/4.8.2', suite '[F] PERFORMANCE TESTS', project file 'WMS.xml' 

I, [2015-05-03T15:00:55.902357 #12911]  INFO -- : Email has been successfully sent to tomas.dinkov@tieto.com.
I, [2015-05-03T15:01:16.070292 #13057]  INFO -- : Starting running test execution id '75' on branch 'branch/4.8.2', suite '[F] PERFORMANCE TESTS', project file 'WMS.xml' 

I, [2015-05-03T15:01:16.390494 #13057]  INFO -- : Finished running test execution id '75' on branch 'branch/4.8.2', suite '[F] PERFORMANCE TESTS', project file 'WMS.xml' 

I, [2015-05-03T15:01:16.573998 #13057]  INFO -- : Email has been successfully sent to tomas.dinkov@tieto.com.
I, [2015-05-18T05:47:31.765000 #2381]  INFO -- : Starting running test execution id '14596' on branch 'branch/4.8.2DEV', suite '[F] BUFFER TESTS', project file 'WMS.xml' 

I, [2015-05-18T05:47:31.767000 #2381]  INFO -- : Opening PTY using following command: /usr/bin/java -Xms1024m -Xmx1024m -XX:MaxPermSize=128m -Dsoapui.properties=soapui.properties -Dgroovy.source.encoding=iso-8859-1 -Dsoapui.home=/Users/tdinkov/projects/wmstools/agent/soapui/bin -Dsoapui.ext.libraries=/Users/tdinkov/projects/wmstools/agent/svn/branch/4.8.2DEV/requiredJARs -Dsoapui.ext.listeners=/Users/tdinkov/projects/wmstools/agent/soapui/bin/listeners -Dsoapui.ext.actions=/Users/tdinkov/projects/wmstools/agent/soapui/bin/actions -cp /Users/tdinkov/projects/wmstools/agent/soapui/bin/soapui-5.0.0.jar:/Users/tdinkov/projects/wmstools/agent/soapui/lib/* com.eviware.soapui.tools.SoapUITestCaseRunner -t /Users/tdinkov/projects/wmstools/agent/soapui/soapui-settings.xml -s '[F] BUFFER TESTS' -c '[F] M1 1C' -r /Users/tdinkov/projects/wmstools/agent/svn/branch/4.8.2DEV/WMS.xml -f '14596' 2> ./14596/stderr.txt|tee ./14596/stdout.txt
E, [2015-05-18T05:48:31.825000 #2381] ERROR -- : Dequeuing test execution FAILED with message: undefined method `svn_branch' for nil:NilClass
E, [2015-05-18T05:49:32.052000 #2381] ERROR -- : Dequeuing test execution FAILED with message: undefined method `svn_branch' for nil:NilClass
I, [2015-05-18T05:49:40.639000 #2381]  INFO -- : Finished running test execution id '14596' on branch 'branch/4.8.2DEV', suite '[F] BUFFER TESTS', project file 'WMS.xml' 

E, [2015-05-18T05:50:00.036377 #2377] ERROR -- : Saving test execution  failed with message: #<DataMapper::Validations::ValidationErrors:0x007fccabed9890 @resource=#<TestExecution @id=nil @revision=nil @report=nil @comment=nil @jira_issue=nil @result=nil @for="SCHEDULER" @status="Pending" @enqueued_at=#<DateTime: 2015-05-18T05:50:00+02:00 ((2457161j,13800s,35201000n),+7200s,2299161j)> @started_at=nil @finished_at=nil @hidden=false @agent=nil @pid=nil @exit_code=nil @stderr=nil @output_zip_base64=nil @environment_name=nil @test_suite_name="[P] PERFORMANCE TESTS 1" @delivery_site_type_id=nil>, @errors={:environment_name=>["Environment name must not be blank"]}>
E, [2015-05-18T05:50:00.037538 #2377] ERROR -- : Saving test execution  failed with message: #<DataMapper::Validations::ValidationErrors:0x007fccab226120 @resource=#<TestExecution @id=nil @revision=nil @report=nil @comment=nil @jira_issue=nil @result=nil @for="SCHEDULER" @status="Pending" @enqueued_at=#<DateTime: 2015-05-18T05:50:00+02:00 ((2457161j,13800s,36556000n),+7200s,2299161j)> @started_at=nil @finished_at=nil @hidden=false @agent=nil @pid=nil @exit_code=nil @stderr=nil @output_zip_base64=nil @environment_name=nil @test_suite_name="[P] PERFORMANCE TESTS 3" @delivery_site_type_id=nil>, @errors={:environment_name=>["Environment name must not be blank"]}>
E, [2015-05-18T05:50:32.243000 #2381] ERROR -- : Dequeuing test execution FAILED with message: undefined method `svn_branch' for nil:NilClass
E, [2015-05-18T05:51:32.431000 #2381] ERROR -- : Dequeuing test execution FAILED with message: undefined method `svn_branch' for nil:NilClass
E, [2015-05-18T05:51:49.941000 #2400] ERROR -- : Dequeuing test execution FAILED with message: undefined method `svn_branch' for nil:NilClass
E, [2015-05-18T05:52:50.110000 #2400] ERROR -- : Dequeuing test execution FAILED with message: undefined method `svn_branch' for nil:NilClass
I, [2015-05-18T05:53:25.027000 #2404]  INFO -- : Starting running test execution id '14616' on branch 'branch/4.8.2DEV', suite '[F] BUFFER TESTS', project file 'WMS.xml' 

I, [2015-05-18T05:53:25.029000 #2404]  INFO -- : Opening PTY using following command: /usr/bin/java -Xms1024m -Xmx1024m -XX:MaxPermSize=128m -Dsoapui.properties=soapui.properties -Dgroovy.source.encoding=iso-8859-1 -Dsoapui.home=/Users/tdinkov/projects/wmstools/agent/soapui/bin -Dsoapui.ext.libraries=/Users/tdinkov/projects/wmstools/agent/svn/branch/4.8.2DEV/requiredJARs -Dsoapui.ext.listeners=/Users/tdinkov/projects/wmstools/agent/soapui/bin/listeners -Dsoapui.ext.actions=/Users/tdinkov/projects/wmstools/agent/soapui/bin/actions -cp /Users/tdinkov/projects/wmstools/agent/soapui/bin/soapui-5.0.0.jar:/Users/tdinkov/projects/wmstools/agent/soapui/lib/* com.eviware.soapui.tools.SoapUITestCaseRunner -t /Users/tdinkov/projects/wmstools/agent/soapui/soapui-settings.xml -s '[F] BUFFER TESTS' -c '[F] M1 1C' -r /Users/tdinkov/projects/wmstools/agent/svn/branch/4.8.2DEV/WMS.xml -f '14616' 2> ./14616/stderr.txt|tee ./14616/stdout.txt
I, [2015-05-18T05:53:25.082000 #2404]  INFO -- : PTY opened with following PID: 2406
I, [2015-05-18T05:53:48.867000 #2404]  INFO -- : Finished running test execution id '14616' on branch 'branch/4.8.2DEV', suite '[F] BUFFER TESTS', project file 'WMS.xml' 

E, [2015-05-18T05:54:25.093000 #2404] ERROR -- : Dequeuing test execution FAILED with message: undefined method `svn_branch' for nil:NilClass
E, [2015-05-18T05:55:25.296000 #2404] ERROR -- : Dequeuing test execution FAILED with message: undefined method `svn_branch' for nil:NilClass
E, [2015-05-18T05:56:25.519000 #2404] ERROR -- : Dequeuing test execution FAILED with message: undefined method `svn_branch' for nil:NilClass
E, [2015-05-18T05:57:25.729000 #2404] ERROR -- : Dequeuing test execution FAILED with message: undefined method `svn_branch' for nil:NilClass
E, [2015-05-18T05:58:25.938000 #2404] ERROR -- : Dequeuing test execution FAILED with message: undefined method `svn_branch' for nil:NilClass
E, [2015-05-18T05:59:26.163000 #2404] ERROR -- : Dequeuing test execution FAILED with message: undefined method `svn_branch' for nil:NilClass
E, [2015-05-18T06:00:26.353000 #2404] ERROR -- : Dequeuing test execution FAILED with message: undefined method `svn_branch' for nil:NilClass
E, [2015-05-18T06:01:26.621000 #2404] ERROR -- : Dequeuing test execution FAILED with message: undefined method `svn_branch' for nil:NilClass
E, [2015-05-18T06:02:26.848000 #2404] ERROR -- : Dequeuing test execution FAILED with message: undefined method `svn_branch' for nil:NilClass
E, [2015-05-18T06:03:27.108000 #2404] ERROR -- : Dequeuing test execution FAILED with message: undefined method `svn_branch' for nil:NilClass
I, [2015-05-19T12:28:46.812231 #5503]  INFO -- : Starting running test execution id '75' on branch 'branch/4.8.2', suite '[F] PERFORMANCE TESTS', project file 'WMS.xml' 

I, [2015-05-19T12:28:46.812675 #5503]  INFO -- : Opening PTY using following command: /usr/bin/java -Xms1024m -Xmx1024m -XX:MaxPermSize=128m -Dsoapui.properties=soapui.properties -Dgroovy.source.encoding=iso-8859-1 -Dsoapui.home=/home/nodeTest/work/soapui/bin -Dsoapui.ext.libraries=/home/nodeTest/work/svn/branch/4.8.2/requiredJARs -Dsoapui.ext.listeners=/home/nodeTest/work/soapui/bin/listeners -Dsoapui.ext.actions=/home/nodeTest/work/soapui/bin/actions -cp /home/nodeTest/work/soapui/bin/soapui-5.0.0.jar:/home/nodeTest/work/soapui/lib/* com.eviware.soapui.tools.SoapUITestCaseRunner -t /home/nodeTest/work/soapui/soapui-settings.xml -s '[F] PERFORMANCE TESTS' -r /home/nodeTest/work/svn/branch/4.8.2/WMS.xml -f '75' 2> ./75/stderr.txt|tee ./75/stdout.txt
I, [2015-05-19T12:28:46.817042 #5503]  INFO -- : PTY opened with following PID: 5512
I, [2015-05-19T12:28:47.339095 #5503]  INFO -- : Finished running test execution id '75' on branch 'branch/4.8.2', suite '[F] PERFORMANCE TESTS', project file 'WMS.xml' 

I, [2015-05-19T12:28:47.579415 #5503]  INFO -- : Email has been successfully sent to tomas.dinkov@tieto.com.
I, [2015-05-19T12:29:41.652349 #5657]  INFO -- : Starting running test execution id '75' on branch 'branch/4.8.2', suite '[F] PERFORMANCE TESTS', project file 'WMS.xml' 

I, [2015-05-19T12:29:41.652495 #5657]  INFO -- : Opening PTY using following command: /usr/bin/java -Xms1024m -Xmx1024m -XX:MaxPermSize=128m -Dsoapui.properties=soapui.properties -Dgroovy.source.encoding=iso-8859-1 -Dsoapui.home=/home/nodeTest/work/soapui/bin -Dsoapui.ext.libraries=/home/nodeTest/work/svn/branch/4.8.2/requiredJARs -Dsoapui.ext.listeners=/home/nodeTest/work/soapui/bin/listeners -Dsoapui.ext.actions=/home/nodeTest/work/soapui/bin/actions -cp /home/nodeTest/work/soapui/bin/soapui-5.0.0.jar:/home/nodeTest/work/soapui/lib/* com.eviware.soapui.tools.SoapUITestCaseRunner -t /home/nodeTest/work/soapui/soapui-settings.xml -s '[F] PERFORMANCE TESTS' -r /home/nodeTest/work/svn/branch/4.8.2/WMS.xml -f '75' 2> ./75/stderr.txt|tee ./75/stdout.txt
I, [2015-05-19T12:29:41.656252 #5657]  INFO -- : PTY opened with following PID: 5665
I, [2015-05-19T12:29:42.005086 #5657]  INFO -- : Finished running test execution id '75' on branch 'branch/4.8.2', suite '[F] PERFORMANCE TESTS', project file 'WMS.xml' 

I, [2015-05-19T12:29:42.222347 #5657]  INFO -- : Email has been successfully sent to tomas.dinkov@tieto.com.
I, [2015-05-19T12:30:15.693384 #5810]  INFO -- : Starting running test execution id '75' on branch 'branch/4.8.2', suite '[F] PERFORMANCE TESTS', project file 'WMS.xml' 

I, [2015-05-19T12:30:15.693530 #5810]  INFO -- : Opening PTY using following command: /usr/bin/java -Xms1024m -Xmx1024m -XX:MaxPermSize=128m -Dsoapui.properties=soapui.properties -Dgroovy.source.encoding=iso-8859-1 -Dsoapui.home=/home/nodeTest/work/soapui/bin -Dsoapui.ext.libraries=/home/nodeTest/work/svn/branch/4.8.2/requiredJARs -Dsoapui.ext.listeners=/home/nodeTest/work/soapui/bin/listeners -Dsoapui.ext.actions=/home/nodeTest/work/soapui/bin/actions -cp /home/nodeTest/work/soapui/bin/soapui-5.0.0.jar:/home/nodeTest/work/soapui/lib/* com.eviware.soapui.tools.SoapUITestCaseRunner -t /home/nodeTest/work/soapui/soapui-settings.xml -s '[F] PERFORMANCE TESTS' -r /home/nodeTest/work/svn/branch/4.8.2/WMS.xml -f '75' 2> ./75/stderr.txt|tee ./75/stdout.txt
I, [2015-05-19T12:30:15.697360 #5810]  INFO -- : PTY opened with following PID: 5818
I, [2015-05-19T12:30:16.049809 #5810]  INFO -- : Finished running test execution id '75' on branch 'branch/4.8.2', suite '[F] PERFORMANCE TESTS', project file 'WMS.xml' 

I, [2015-05-19T12:30:16.241833 #5810]  INFO -- : Email has been successfully sent to tomas.dinkov@tieto.com.
I, [2015-05-20T06:47:38.405734 #6914]  INFO -- : Starting running test execution id '75' on branch 'branch/4.8.2', suite '[F] PERFORMANCE TESTS', project file 'WMS.xml' 

I, [2015-05-20T06:47:38.406169 #6914]  INFO -- : Opening PTY using following command: /usr/bin/java -Xms1024m -Xmx1024m -XX:MaxPermSize=128m -Dsoapui.properties=soapui.properties -Dgroovy.source.encoding=iso-8859-1 -Dsoapui.home=/home/nodeTest/work/soapui/bin -Dsoapui.ext.libraries=/home/nodeTest/work/svn/branch/4.8.2/requiredJARs -Dsoapui.ext.listeners=/home/nodeTest/work/soapui/bin/listeners -Dsoapui.ext.actions=/home/nodeTest/work/soapui/bin/actions -cp /home/nodeTest/work/soapui/bin/soapui-5.0.0.jar:/home/nodeTest/work/soapui/lib/* com.eviware.soapui.tools.SoapUITestCaseRunner -t /home/nodeTest/work/soapui/soapui-settings.xml -s '[F] PERFORMANCE TESTS' -r /home/nodeTest/work/svn/branch/4.8.2/WMS.xml -f '75' 2> ./75/stderr.txt|tee ./75/stdout.txt
I, [2015-05-20T06:47:38.410077 #6914]  INFO -- : PTY opened with following PID: 6923
I, [2015-05-20T06:47:38.737072 #6914]  INFO -- : Finished running test execution id '75' on branch 'branch/4.8.2', suite '[F] PERFORMANCE TESTS', project file 'WMS.xml' 

I, [2015-05-20T06:47:38.980469 #6914]  INFO -- : Email has been successfully sent to tomas.dinkov@tieto.com.
I, [2015-05-20T07:34:54.474062 #7207]  INFO -- : Starting running test execution id '75' on branch 'branch/4.8.2', suite '[F] PERFORMANCE TESTS', project file 'WMS.xml' 

I, [2015-05-20T07:34:54.474205 #7207]  INFO -- : Opening PTY using following command: /usr/bin/java -Xms1024m -Xmx1024m -XX:MaxPermSize=128m -Dsoapui.properties=soapui.properties -Dgroovy.source.encoding=iso-8859-1 -Dsoapui.home=/home/nodeTest/work/soapui/bin -Dsoapui.ext.libraries=/home/nodeTest/work/svn/branch/4.8.2/requiredJARs -Dsoapui.ext.listeners=/home/nodeTest/work/soapui/bin/listeners -Dsoapui.ext.actions=/home/nodeTest/work/soapui/bin/actions -cp /home/nodeTest/work/soapui/bin/soapui-5.0.0.jar:/home/nodeTest/work/soapui/lib/* com.eviware.soapui.tools.SoapUITestCaseRunner -t /home/nodeTest/work/soapui/soapui-settings.xml -s '[F] PERFORMANCE TESTS' -r /home/nodeTest/work/svn/branch/4.8.2/WMS.xml -f '75' 2> ./75/stderr.txt|tee ./75/stdout.txt
I, [2015-05-20T07:34:54.478093 #7207]  INFO -- : PTY opened with following PID: 7216
I, [2015-05-20T07:34:55.253074 #7207]  INFO -- : Finished running test execution id '75' on branch 'branch/4.8.2', suite '[F] PERFORMANCE TESTS', project file 'WMS.xml' 

I, [2015-05-20T07:34:55.473980 #7207]  INFO -- : Email has been successfully sent to tomas.dinkov@tieto.com.
